The number of process: 16
Time of reading and boradcasting matrix: 4228.6
Separate factorization and solve stage:
DGBALU run successfully!
Time of spike: 44.7653
0.99999999590797106
0.99999999582386112
0.99999999573387521
0.99999999563977249
0.99999999554429087
0.99999999545103124
0.99999999536446771
0.99999999528968253
0.99999999523227712
0.99999999519815608
The number of process: 16
Time of reading and boradcasting matrix: 4231.11
Separate factorization and solve stage:
DGBALU run successfully!
Time of spike: 44.9463
0.99999999590797106
0.99999999582386112
0.99999999573387521
0.99999999563977249
0.99999999554429087
0.99999999545103124
0.99999999536446771
0.99999999528968253
0.99999999523227712
0.99999999519815608
The number of process: 16
Time of reading and boradcasting matrix: 4287.36
Separate factorization and solve stage:
DGBALU run successfully!
Time of spike: 44.7541
0.99999999590797106
0.99999999582386112
0.99999999573387521
0.99999999563977249
0.99999999554429087
0.99999999545103124
0.99999999536446771
0.99999999528968253
0.99999999523227712
0.99999999519815608
