The number of process: 32
Time of reading and boradcasting matrix: 4240.11
Separate factorization and solve stage:
DGBALU run successfully!
Time of spike: 28.0125
0.99999999646763649
0.99999999770799652
0.99999999904479187
1.0000000004456255
1.0000000018768314
1.0000000033041569
1.0000000046938096
1.0000000060132703
1.0000000072320636
1.0000000083225971
The number of process: 32
Time of reading and boradcasting matrix: 4290.27
Separate factorization and solve stage:
DGBALU run successfully!
Time of spike: 28.0462
0.99999999646763649
0.99999999770799652
0.99999999904479187
1.0000000004456255
1.0000000018768314
1.0000000033041569
1.0000000046938096
1.0000000060132703
1.0000000072320636
1.0000000083225971
The number of process: 32
Time of reading and boradcasting matrix: 4239.78
Separate factorization and solve stage:
DGBALU run successfully!
Time of spike: 28.0797
0.99999999646763649
0.99999999770799652
0.99999999904479187
1.0000000004456255
1.0000000018768314
1.0000000033041569
1.0000000046938096
1.0000000060132703
1.0000000072320636
1.0000000083225971
